<?xml version="1.0" encoding="UTF-8"?>
<testsuite xmlns:xsi="http://www.w3.org/2001/XMLSchema-instance" xsi:noNamespaceSchemaLocation="https://maven.apache.org/surefire/maven-surefire-plugin/xsd/surefire-test-report-3.0.xsd" version="3.0" name="UnitTest" time="0.664" tests="7" errors="0" skipped="0" failures="0">
  <properties>
    <property name="java.specification.version" value="23"/>
    <property name="sun.jnu.encoding" value="UTF-8"/>
    <property name="java.class.path" value="/home/bursche/git/Prog3/Lamda_Streams/Bankprojekt/target/test-classes:/home/bursche/git/Prog3/Lamda_Streams/Bankprojekt/target/classes:/home/bursche/.m2/repository/org/junit/jupiter/junit-jupiter/5.12.0-RC2/junit-jupiter-5.12.0-RC2.jar:/home/bursche/.m2/repository/org/junit/jupiter/junit-jupiter-api/5.12.0-RC2/junit-jupiter-api-5.12.0-RC2.jar:/home/bursche/.m2/repository/org/opentest4j/opentest4j/1.3.0/opentest4j-1.3.0.jar:/home/bursche/.m2/repository/org/junit/platform/junit-platform-commons/1.12.0-RC2/junit-platform-commons-1.12.0-RC2.jar:/home/bursche/.m2/repository/org/apiguardian/apiguardian-api/1.1.2/apiguardian-api-1.1.2.jar:/home/bursche/.m2/repository/org/junit/jupiter/junit-jupiter-params/5.12.0-RC2/junit-jupiter-params-5.12.0-RC2.jar:/home/bursche/.m2/repository/org/junit/jupiter/junit-jupiter-engine/5.12.0-RC2/junit-jupiter-engine-5.12.0-RC2.jar:/home/bursche/.m2/repository/org/junit/platform/junit-platform-engine/1.12.0-RC2/junit-platform-engine-1.12.0-RC2.jar:/home/bursche/.m2/repository/org/mockito/mockito-core/5.17.0/mockito-core-5.17.0.jar:/home/bursche/.m2/repository/net/bytebuddy/byte-buddy/1.15.11/byte-buddy-1.15.11.jar:/home/bursche/.m2/repository/net/bytebuddy/byte-buddy-agent/1.15.11/byte-buddy-agent-1.15.11.jar:/home/bursche/.m2/repository/org/objenesis/objenesis/3.3/objenesis-3.3.jar:"/>
    <property name="java.vm.vendor" value="Oracle Corporation"/>
    <property name="sun.arch.data.model" value="64"/>
    <property name="java.vendor.url" value="https://java.oracle.com/"/>
    <property name="user.timezone" value="Europe/Berlin"/>
    <property name="os.name" value="Linux"/>
    <property name="java.vm.specification.version" value="23"/>
    <property name="user.country" value="DE"/>
    <property name="sun.java.launcher" value="SUN_STANDARD"/>
    <property name="sun.boot.library.path" value="/usr/lib/jvm/jdk-23.0.2-oracle-x64/lib"/>
    <property name="sun.java.command" value="/home/bursche/git/Prog3/Lamda_Streams/Bankprojekt/target/surefire/surefirebooter-20250523215413424_3.jar /home/bursche/git/Prog3/Lamda_Streams/Bankprojekt/target/surefire 2025-05-23T21-54-13_369-jvmRun1 surefire-20250523215413424_1tmp surefire_0-20250523215413424_2tmp"/>
    <property name="jdk.debug" value="release"/>
    <property name="test" value="UnitTest"/>
    <property name="surefire.test.class.path" value="/home/bursche/git/Prog3/Lamda_Streams/Bankprojekt/target/test-classes:/home/bursche/git/Prog3/Lamda_Streams/Bankprojekt/target/classes:/home/bursche/.m2/repository/org/junit/jupiter/junit-jupiter/5.12.0-RC2/junit-jupiter-5.12.0-RC2.jar:/home/bursche/.m2/repository/org/junit/jupiter/junit-jupiter-api/5.12.0-RC2/junit-jupiter-api-5.12.0-RC2.jar:/home/bursche/.m2/repository/org/opentest4j/opentest4j/1.3.0/opentest4j-1.3.0.jar:/home/bursche/.m2/repository/org/junit/platform/junit-platform-commons/1.12.0-RC2/junit-platform-commons-1.12.0-RC2.jar:/home/bursche/.m2/repository/org/apiguardian/apiguardian-api/1.1.2/apiguardian-api-1.1.2.jar:/home/bursche/.m2/repository/org/junit/jupiter/junit-jupiter-params/5.12.0-RC2/junit-jupiter-params-5.12.0-RC2.jar:/home/bursche/.m2/repository/org/junit/jupiter/junit-jupiter-engine/5.12.0-RC2/junit-jupiter-engine-5.12.0-RC2.jar:/home/bursche/.m2/repository/org/junit/platform/junit-platform-engine/1.12.0-RC2/junit-platform-engine-1.12.0-RC2.jar:/home/bursche/.m2/repository/org/mockito/mockito-core/5.17.0/mockito-core-5.17.0.jar:/home/bursche/.m2/repository/net/bytebuddy/byte-buddy/1.15.11/byte-buddy-1.15.11.jar:/home/bursche/.m2/repository/net/bytebuddy/byte-buddy-agent/1.15.11/byte-buddy-agent-1.15.11.jar:/home/bursche/.m2/repository/org/objenesis/objenesis/3.3/objenesis-3.3.jar:"/>
    <property name="sun.cpu.endian" value="little"/>
    <property name="user.home" value="/home/bursche"/>
    <property name="user.language" value="de"/>
    <property name="java.specification.vendor" value="Oracle Corporation"/>
    <property name="java.version.date" value="2025-01-21"/>
    <property name="java.home" value="/usr/lib/jvm/jdk-23.0.2-oracle-x64"/>
    <property name="file.separator" value="/"/>
    <property name="basedir" value="/home/bursche/git/Prog3/Lamda_Streams/Bankprojekt"/>
    <property name="java.vm.compressedOopsMode" value="Zero based"/>
    <property name="line.separator" value="&#10;"/>
    <property name="java.vm.specification.vendor" value="Oracle Corporation"/>
    <property name="java.specification.name" value="Java Platform API Specification"/>
    <property name="surefire.real.class.path" value="/home/bursche/git/Prog3/Lamda_Streams/Bankprojekt/target/surefire/surefirebooter-20250523215413424_3.jar"/>
    <property name="sun.management.compiler" value="HotSpot 64-Bit Tiered Compilers"/>
    <property name="java.runtime.version" value="23.0.2+7-58"/>
    <property name="user.name" value="bursche"/>
    <property name="stdout.encoding" value="UTF-8"/>
    <property name="path.separator" value=":"/>
    <property name="os.version" value="6.8.0-60-generic"/>
    <property name="java.runtime.name" value="Java(TM) SE Runtime Environment"/>
    <property name="file.encoding" value="UTF-8"/>
    <property name="java.vm.name" value="Java HotSpot(TM) 64-Bit Server VM"/>
    <property name="maven.ext.class.path" value="/home/bursche/.vscode/extensions/oracle.oracle-java-24.0.0/nbcode/java/maven-nblib/netbeans-eventspy.jar"/>
    <property name="localRepository" value="/home/bursche/.m2/repository"/>
    <property name="java.vendor.url.bug" value="https://bugreport.java.com/bugreport/"/>
    <property name="java.io.tmpdir" value="/tmp"/>
    <property name="java.version" value="23.0.2"/>
    <property name="user.dir" value="/home/bursche/git/Prog3/Lamda_Streams/Bankprojekt"/>
    <property name="os.arch" value="amd64"/>
    <property name="java.vm.specification.name" value="Java Virtual Machine Specification"/>
    <property name="native.encoding" value="UTF-8"/>
    <property name="java.library.path" value="/usr/java/packages/lib:/usr/lib64:/lib64:/lib:/usr/lib"/>
    <property name="java.vm.info" value="mixed mode, sharing"/>
    <property name="stderr.encoding" value="UTF-8"/>
    <property name="java.vendor" value="Oracle Corporation"/>
    <property name="java.vm.version" value="23.0.2+7-58"/>
    <property name="sun.io.unicode.encoding" value="UnicodeLittle"/>
    <property name="java.class.version" value="67.0"/>
  </properties>
  <testcase name="testUeberweisungAnUnbekanntesKonto" classname="UnitTest" time="0.015"/>
  <testcase name="testUeberweisungVonGesperrtemKonto" classname="UnitTest" time="0.006"/>
  <testcase name="testUeberweisungMitNegativemBetrag" classname="UnitTest" time="0.001"/>
  <testcase name="testGeldUeberweisen" classname="UnitTest" time="0.611">
    <system-err><![CDATA[Mockito is currently self-attaching to enable the inline-mock-maker. This will no longer work in future releases of the JDK. Please add Mockito as an agent to your build as described in Mockito's documentation: https://javadoc.io/doc/org.mockito/mockito-core/latest/org.mockito/org/mockito/Mockito.html#0.3
WARNING: A Java agent has been loaded dynamically (/home/bursche/.m2/repository/net/bytebuddy/byte-buddy-agent/1.15.11/byte-buddy-agent-1.15.11.jar)
WARNING: If a serviceability tool is in use, please run with -XX:+EnableDynamicAgentLoading to hide this warning
WARNING: If a serviceability tool is not in use, please run with -Djdk.instrument.traceUsage for more information
WARNING: Dynamic loading of agents will be disallowed by default in a future release
]]></system-err>
  </testcase>
  <testcase name="testUeberweisungAnSichSelbst" classname="UnitTest" time="0.001"/>
  <testcase name="testUeberweisungMitZuWenigGeld" classname="UnitTest" time="0.001"/>
  <testcase name="testKontostandOhneEinzahlung" classname="UnitTest" time="0.001"/>
</testsuite>